<?xml version="1.0" encoding="UTF-8"?>
<testsuite xmlns:xsi="http://www.w3.org/2001/XMLSchema-instance" xsi:noNamespaceSchemaLocation="https://maven.apache.org/surefire/maven-surefire-plugin/xsd/surefire-test-report-3.0.xsd" version="3.0" name="TestSuite" time="23.483" tests="1" errors="0" skipped="0" failures="0">
  <properties>
[...]
</properties>
  <testcase name="verify_login_is_successful_with_correct_credentials" classname="smokeTestCases.SmokeTest" time="11.172">
    <system-out><![CDATA[Browser Launched
Navigated to url : https://opensource-demo.orangehrmlive.com/
Username entered is : Admin
Password entered is : admin123
Login button is clicked
Dashboard is displayed
Drop Down option button is clicked
Logout option is clicked
Login button is Displayed
]]></system-out>
    <system-err><![CDATA[SLF4J: Failed to load class "org.slf4j.impl.StaticLoggerBinder".
SLF4J: Defaulting to no-operation (NOP) logger implementation
SLF4J: See http://www.slf4j.org/codes.html#StaticLoggerBinder for further details.
Feb 16, 2025 2:44:56 AM org.openqa.selenium.firefox.FirefoxDriver <init>
WARNING: CDP support for Firefox is deprecated and will be removed in future versions. Please switch to WebDriver BiDi.
]]></system-err>
  </testcase>
</testsuite>