<?xml version="1.0" encoding="UTF-8"?>
<!-- Generated by org.testng.reporters.JUnitXMLReporter -->
<testsuite ignored="6" hostname="PRASENJITSWIN10" failures="0" tests="1" name="Default test" time="27.521" errors="0" timestamp="2025-02-18T22:39:01 IST">
  <testcase classname="regressionTestCases.RegressionTest" name="verify_login_is_successful_with_correct_credentials" time="13.448"/>
  <testcase classname="regressionTestCases.RegressionTest" name="verify_login_is_unsuccessful_with_entering_only_username" time="0.0">
    <ignored/>
  </testcase> <!-- verify_login_is_unsuccessful_with_entering_only_username -->
  <testcase classname="regressionTestCases.RegressionTest" name="verify_login_is_unsuccessful_with_incorrectUsername_and_correctPassword" time="0.0">
    <ignored/>
  </testcase> <!-- verify_login_is_unsuccessful_with_incorrectUsername_and_correctPassword -->
  <testcase classname="regressionTestCases.RegressionTest" name="verify_login_is_unsuccessful_with_correctUsername_and_incorrectPassword" time="0.0">
    <ignored/>
  </testcase> <!-- verify_login_is_unsuccessful_with_correctUsername_and_incorrectPassword -->
  <testcase classname="regressionTestCases.RegressionTest" name="verify_login_is_unsuccessful_with_entering_only_password" time="0.0">
    <ignored/>
  </testcase> <!-- verify_login_is_unsuccessful_with_entering_only_password -->
  <testcase classname="regressionTestCases.RegressionTest" name="verify_login_is_unsuccessful_with_no_credentials" time="0.0">
    <ignored/>
  </testcase> <!-- verify_login_is_unsuccessful_with_no_credentials -->
  <testcase classname="regressionTestCases.RegressionTest" name="verify_login_is_unsuccessful_with_incorrect_credentials" time="0.0">
    <ignored/>
  </testcase> <!-- verify_login_is_unsuccessful_with_incorrect_credentials -->
</testsuite> <!-- Default test -->
