<?xml version="1.0" encoding="UTF-8"?>
<!-- Generated by org.testng.reporters.JUnitXMLReporter -->
<testsuite ignored="0" hostname="PRASENJITSWIN10" failures="0" tests="7" name="Regression Test" time="55.217" errors="0" timestamp="2025-02-18T22:40:06 IST">
  <testcase classname="regressionTestCases.RegressionTest" name="verify_login_is_successful_with_correct_credentials" time="13.083"/>
  <testcase classname="regressionTestCases.RegressionTest" name="verify_login_is_unsuccessful_with_correctUsername_and_incorrectPassword" time="5.34"/>
  <testcase classname="regressionTestCases.RegressionTest" name="verify_login_is_unsuccessful_with_entering_only_password" time="2.33"/>
  <testcase classname="regressionTestCases.RegressionTest" name="verify_login_is_unsuccessful_with_entering_only_username" time="2.335"/>
  <testcase classname="regressionTestCases.RegressionTest" name="verify_login_is_unsuccessful_with_incorrectUsername_and_correctPassword" time="5.129"/>
  <testcase classname="regressionTestCases.RegressionTest" name="verify_login_is_unsuccessful_with_incorrect_credentials" time="5.002"/>
  <testcase classname="regressionTestCases.RegressionTest" name="verify_login_is_unsuccessful_with_no_credentials" time="2.324"/>
</testsuite> <!-- Regression Test -->
