<?xml version="1.0" encoding="UTF-8"?>
<!-- Generated by org.testng.reporters.JUnitXMLReporter -->
<testsuite ignored="0" hostname="PRASENJITSWIN10" failures="0" tests="6" name="Sanity Test" time="38.808" errors="0" timestamp="2025-02-19T00:39:48 IST">
  <testcase classname="sanityTestCases.SanityTest" name="verify_login_is_unsuccessful_with_correctUsername_and_incorrectPassword" time="5.541"/>
  <testcase classname="sanityTestCases.SanityTest" name="verify_login_is_unsuccessful_with_entering_only_password" time="2.351"/>
  <testcase classname="sanityTestCases.SanityTest" name="verify_login_is_unsuccessful_with_entering_only_username" time="2.374"/>
  <testcase classname="sanityTestCases.SanityTest" name="verify_login_is_unsuccessful_with_incorrectUsername_and_correctPassword" time="4.955"/>
  <testcase classname="sanityTestCases.SanityTest" name="verify_login_is_unsuccessful_with_incorrect_credentials" time="4.973"/>
  <testcase classname="sanityTestCases.SanityTest" name="verify_login_is_unsuccessful_with_no_credentials" time="2.35"/>
</testsuite> <!-- Sanity Test -->
