<?xml version="1.0" encoding="UTF-8"?>
<!-- Generated by org.testng.reporters.JUnitXMLReporter -->
<testsuite ignored="0" hostname="PRASENJITSWIN10" failures="0" tests="6" name="Sanity Test" time="39.454" errors="0" timestamp="2025-02-19T00:16:07 IST">
  <testcase classname="sanityTestCases.SanityTest" name="verify_login_is_unsuccessful_with_correctUsername_and_incorrectPassword" time="5.572"/>
  <testcase classname="sanityTestCases.SanityTest" name="verify_login_is_unsuccessful_with_entering_only_password" time="2.371"/>
  <testcase classname="sanityTestCases.SanityTest" name="verify_login_is_unsuccessful_with_entering_only_username" time="2.368"/>
  <testcase classname="sanityTestCases.SanityTest" name="verify_login_is_unsuccessful_with_incorrectUsername_and_correctPassword" time="5.045"/>
  <testcase classname="sanityTestCases.SanityTest" name="verify_login_is_unsuccessful_with_incorrect_credentials" time="5.015"/>
  <testcase classname="sanityTestCases.SanityTest" name="verify_login_is_unsuccessful_with_no_credentials" time="2.317"/>
</testsuite> <!-- Sanity Test -->
